[sii.im/index.html]
[backblue.gif]
[fade.gif]
[index.html]
[sii.im/static/img/favicon/apple-touch-icon-57x57.png]
[sii.im/static/img/favicon/apple-touch-icon-114x114.png]
[sii.im/static/img/favicon/apple-touch-icon-72x72.png]
[sii.im/static/img/favicon/apple-touch-icon-144x144.png]
[sii.im/static/img/favicon/apple-touch-icon-60x60.png]
[sii.im/static/img/favicon/apple-touch-icon-120x120.png]
[sii.im/static/img/favicon/apple-touch-icon-76x76.png]
[sii.im/static/img/favicon/apple-touch-icon-152x152.png]
[sii.im/static/img/favicon/favicon-196x196.png]
[sii.im/static/img/favicon/favicon-96x96.png]
[sii.im/static/img/favicon/favicon-32x32.png]
[sii.im/static/img/favicon/favicon-16x16.png]
[sii.im/static/img/favicon/favicon-128.png]
[sii.im/static/compiled/main.css]
[use.typekit.net/tpf1oyu.js]
[www.google-analytics.com/analytics.js]
[sii.im/index.html]
[sii.im/static/compiled/main.css]
[sii.im/static/app.76ffc0580e956d35db82.js]
